[debug] [2018-02-11T15:02:17.609Z] ----------------------------------------------------------------------
[debug] [2018-02-11T15:02:17.612Z] Command:       /home/knolly/.nvm/versions/node/v8.3.0/bin/node /home/knolly/.nvm/versions/node/v8.3.0/bin/firebase serve
[debug] [2018-02-11T15:02:17.612Z] CLI Version:   3.17.4
[debug] [2018-02-11T15:02:17.612Z] Platform:      linux
[debug] [2018-02-11T15:02:17.613Z] Node Version:  v8.3.0
[debug] [2018-02-11T15:02:17.613Z] Time:          Sun Feb 11 2018 20:32:17 GMT+0530 (IST)
[debug] [2018-02-11T15:02:17.613Z] ----------------------------------------------------------------------
[debug] 
[debug] [2018-02-11T15:02:17.623Z] > command requires scopes: ["email","openid","https://www.googleapis.com/auth/cloudplatformprojects.readonly","https://www.googleapis.com/auth/firebase","https://www.googleapis.com/auth/cloud-platform"]
[debug] [2018-02-11T15:02:17.623Z] > authorizing via signed-in user
[debug] [2018-02-11T15:02:17.625Z] > refreshing access token with scopes: ["email","https://www.googleapis.com/auth/cloud-platform","https://www.googleapis.com/auth/cloudplatformprojects.readonly","https://www.googleapis.com/auth/firebase","openid"]
[debug] [2018-02-11T15:02:17.625Z] >>> HTTP REQUEST POST https://www.googleapis.com/oauth2/v3/token  
 { refresh_token: '1/yHIbIGxHiWEJ6U29JAu4wbXbNuAc48s1nPJzydutG_E',
  client_id: '563584335869-fgrhgmd47bqnekij5i8b5pr03ho849e6.apps.googleusercontent.com',
  client_secret: 'j9iVZfS8kkCEFUPaAeJV0sAi',
  grant_type: 'refresh_token',
  scope: 'email https://www.googleapis.com/auth/cloud-platform https://www.googleapis.com/auth/cloudplatformprojects.readonly https://www.googleapis.com/auth/firebase openid' } 
 Sun Feb 11 2018 20:32:17 GMT+0530 (IST)
[debug] [2018-02-11T15:02:18.040Z] <<< HTTP RESPONSE 200
[debug] [2018-02-11T15:02:18.043Z] >>> HTTP REQUEST GET https://admin.firebase.com/v1/projects/waterflow-2ff7e  
  
 Sun Feb 11 2018 20:32:18 GMT+0530 (IST)
[debug] [2018-02-11T15:02:19.860Z] <<< HTTP RESPONSE 200
[debug] [2018-02-11T15:02:19.864Z] >>> HTTP REQUEST GET https://admin.firebase.com/v1/database/waterflow-2ff7e/tokens  
  
 Sun Feb 11 2018 20:32:19 GMT+0530 (IST)
[debug] [2018-02-11T15:02:21.290Z] <<< HTTP RESPONSE 200
[info] 
[info] === Serving from '/home/knolly/Documents/projects/frontend/waterflow'...
[info] 
[debug] [2018-02-11T15:02:21.299Z] >>> HTTP REQUEST GET https://cloudresourcemanager.googleapis.com/v1/projects/waterflow-2ff7e  
  
 Sun Feb 11 2018 20:32:21 GMT+0530 (IST)
[debug] [2018-02-11T15:02:23.128Z] <<< HTTP RESPONSE 200
[debug] [2018-02-11T15:02:23.130Z] >>> HTTP REQUEST GET https://mobilesdk-pa.googleapis.com/v1/projects/868019908976/clients/_:getWebAppConfig  
  
 Sun Feb 11 2018 20:32:23 GMT+0530 (IST)
[debug] [2018-02-11T15:02:24.567Z] <<< HTTP RESPONSE 200
[info] i  hosting: Serving hosting files from: public
[info] ✔  hosting: Local server: http://localhost:5000

